<?xml version="1.0" encoding="UTF-8"?>
<!-- Generated by org.testng.reporters.JUnitReportReporter -->
<testsuite skipped="0" hostname="Priyanshi" name="loginfunction.LoginFunction" tests="1" failures="0" timestamp="27 Aug 2018 01:52:02 GMT" time="15.697" errors="0">
  <testcase name="Expedia_login" time="15.697" classname="loginfunction.LoginFunction"/>
</testsuite> <!-- loginfunction.LoginFunction -->
